==> Making package: ttf-farsiweb 0.4-1 (Sat Mar 17 23:18:19 CLST 2012)
==> Checking runtime dependencies...
==> Checking buildtime dependencies...
==> Retrieving Sources...
  -> Found farsifonts-0.4.zip
==> Validating source files with md5sums...
    farsifonts-0.4.zip ... Passed
==> ERROR: Aborted by user! Exiting...
==> Making package: ttf-farsiweb 0.4-1 (Sat Mar 17 23:18:36 CLST 2012)
==> Checking runtime dependencies...
==> Checking buildtime dependencies...
==> Retrieving Sources...
  -> Found farsifonts-0.4.zip
==> Validating source files with md5sums...
    farsifonts-0.4.zip ... Passed
==> Extracting Sources...
  -> Extracting farsifonts-0.4.zip with bsdtar
==> Entering fakeroot environment...
==> Starting build()...
==> Tidying install...
  -> Purging unwanted files...
  -> Compressing man and info pages...
  -> Stripping unneeded symbols from binaries and libraries...
==> Creating package...
  -> Generating .PKGINFO file...
  -> Adding install file...
  -> Compressing package...
==> Leaving fakeroot environment.
==> Finished making: ttf-farsiweb 0.4-1 (Sat Mar 17 23:18:37 CLST 2012)
==> Cleaning up...
==> Making package: ttf-farsiweb 0.4-1 (Sat Mar 17 23:18:58 CLST 2012)
==> Checking runtime dependencies...
==> Checking buildtime dependencies...
==> Retrieving Sources...
  -> Downloading farsifonts-0.4.zip...
  % Total    % Received % Xferd  Average Speed   Time    Time     Time  Current
                                 Dload  Upload   Total   Spent    Left  Speed
  0     0    0     0    0     0      0      0 --:--:--  0:00:15 --:--:--     0  6  324k    6 20820    0     0   1275      0  0:04:20  0:00:16  0:04:04 25703 17  324k   17 56908    0     0   3270      0  0:01:41  0:00:17  0:01:24 30173 86  324k   86  281k    0     0  15736      0  0:00:21  0:00:18  0:00:03   99k100  324k  100  324k    0     0  17900      0  0:00:18  0:00:18 --:--:--  106k
==> Validating source files with md5sums...
    farsifonts-0.4.zip ... Passed
==> Extracting Sources...
  -> Extracting farsifonts-0.4.zip with bsdtar
==> Entering fakeroot environment...
==> Starting build()...
==> Tidying install...
  -> Purging unwanted files...
  -> Compressing man and info pages...
  -> Stripping unneeded symbols from binaries and libraries...
==> Creating package...
  -> Generating .PKGINFO file...
  -> Adding install file...
  -> Compressing package...
==> Leaving fakeroot environment.
==> Finished making: ttf-farsiweb 0.4-1 (Sat Mar 17 23:19:19 CLST 2012)
==> Cleaning up...
